{"level":"info","message":"Hello from Acquisitions!","service":"acquisitions-api"}
{"level":"info","message":"::1 - - [24/Dec/2025:19:36:14 +0000] \"GET / HTTP/1.1\" 304 - \"-\" \"Mozilla/5.0 (Windows NT 10.0; Win64; x64) AppleWebKit/537.36 (KHTML, like Gecko) Chrome/143.0.0.0 Safari/537.36\"","service":"acquisitions-api"}
{"level":"info","message":"Hello from Acquisitions!","service":"acquisitions-api"}
{"level":"info","message":"::1 - - [24/Dec/2025:19:49:26 +0000] \"GET / HTTP/1.1\" 304 - \"-\" \"Mozilla/5.0 (Windows NT 10.0; Win64; x64) AppleWebKit/537.36 (KHTML, like Gecko) Chrome/143.0.0.0 Safari/537.36\"","service":"acquisitions-api"}
{"level":"info","message":"Hello from Acquisitions!","service":"acquisitions-api"}
{"level":"info","message":"::1 - - [24/Dec/2025:19:54:20 +0000] \"GET / HTTP/1.1\" 200 24 \"-\" \"HTTPie\"","service":"acquisitions-api"}
{"level":"info","message":"::1 - - [24/Dec/2025:19:54:25 +0000] \"GET /api HTTP/1.1\" 200 42 \"-\" \"HTTPie\"","service":"acquisitions-api"}
{"level":"info","message":"::1 - - [24/Dec/2025:19:54:43 +0000] \"GET /health HTTP/1.1\" 200 75 \"-\" \"HTTPie\"","service":"acquisitions-api"}
{"level":"info","message":"::1 - - [24/Dec/2025:19:55:32 +0000] \"POST /api/auth/sign-in HTTP/1.1\" 200 31 \"-\" \"HTTPie\"","service":"acquisitions-api"}
{"level":"error","message":"Error authenticating user: Error: User not found","service":"acquisitions-api"}
{"level":"error","message":"Sign in error User not found","service":"acquisitions-api","stack":"Error: User not found\n    at authenticateUser (file:///D:/Code/Project/acquisitions/src/services/auth.service.js:66:13)\n    at process.processTicksAndRejections (node:internal/process/task_queues:105:5)\n    at async signIn (file:///D:/Code/Project/acquisitions/src/controllers/auth.controller.js:65:18)"}
{"level":"info","message":"::1 - - [24/Dec/2025:20:24:51 +0000] \"POST /api/auth/sign-in HTTP/1.1\" 401 31 \"-\" \"HTTPie\"","service":"acquisitions-api"}
{"level":"error","message":"Error authenticating user: Error: User not found","service":"acquisitions-api"}
{"level":"error","message":"Sign in error User not found","service":"acquisitions-api","stack":"Error: User not found\n    at authenticateUser (file:///D:/Code/Project/acquisitions/src/services/auth.service.js:66:13)\n    at process.processTicksAndRejections (node:internal/process/task_queues:105:5)\n    at async signIn (file:///D:/Code/Project/acquisitions/src/controllers/auth.controller.js:65:18)"}
{"level":"info","message":"::1 - - [24/Dec/2025:20:25:16 +0000] \"POST /api/auth/sign-in HTTP/1.1\" 401 31 \"-\" \"HTTPie\"","service":"acquisitions-api"}
{"level":"info","message":"User signed out successfully","service":"acquisitions-api"}
{"level":"info","message":"::1 - - [24/Dec/2025:20:25:56 +0000] \"POST /api/auth/sign-out HTTP/1.1\" 200 42 \"-\" \"HTTPie\"","service":"acquisitions-api"}
{"level":"info","message":"::1 - - [24/Dec/2025:20:42:17 +0000] \"GET /health HTTP/1.1\" 200 74 \"-\" \"HTTPie\"","service":"acquisitions-api"}
{"level":"info","message":"::1 - - [24/Dec/2025:20:42:19 +0000] \"GET /health HTTP/1.1\" 200 74 \"-\" \"HTTPie\"","service":"acquisitions-api"}
{"level":"info","message":"::1 - - [24/Dec/2025:20:42:19 +0000] \"GET /health HTTP/1.1\" 200 73 \"-\" \"HTTPie\"","service":"acquisitions-api"}
{"level":"info","message":"::1 - - [24/Dec/2025:20:42:19 +0000] \"GET /health HTTP/1.1\" 200 74 \"-\" \"HTTPie\"","service":"acquisitions-api"}
{"level":"info","message":"::1 - - [24/Dec/2025:20:42:19 +0000] \"GET /health HTTP/1.1\" 200 74 \"-\" \"HTTPie\"","service":"acquisitions-api"}
{"level":"info","message":"::1 - - [24/Dec/2025:20:42:19 +0000] \"GET /health HTTP/1.1\" 200 74 \"-\" \"HTTPie\"","service":"acquisitions-api"}
{"level":"info","message":"::1 - - [24/Dec/2025:20:42:19 +0000] \"GET /health HTTP/1.1\" 200 74 \"-\" \"HTTPie\"","service":"acquisitions-api"}
{"level":"info","message":"::1 - - [24/Dec/2025:20:42:20 +0000] \"GET /health HTTP/1.1\" 200 74 \"-\" \"HTTPie\"","service":"acquisitions-api"}
{"level":"info","message":"::1 - - [24/Dec/2025:20:42:20 +0000] \"GET /health HTTP/1.1\" 200 74 \"-\" \"HTTPie\"","service":"acquisitions-api"}
{"level":"info","message":"::1 - - [24/Dec/2025:20:42:20 +0000] \"GET /health HTTP/1.1\" 200 74 \"-\" \"HTTPie\"","service":"acquisitions-api"}
{"level":"info","message":"::1 - - [24/Dec/2025:20:42:20 +0000] \"GET /health HTTP/1.1\" 200 74 \"-\" \"HTTPie\"","service":"acquisitions-api"}
{"level":"info","message":"::1 - - [24/Dec/2025:20:42:20 +0000] \"GET /health HTTP/1.1\" 200 74 \"-\" \"HTTPie\"","service":"acquisitions-api"}
{"level":"info","message":"::1 - - [24/Dec/2025:20:42:20 +0000] \"GET /health HTTP/1.1\" 200 74 \"-\" \"HTTPie\"","service":"acquisitions-api"}
{"level":"info","message":"::1 - - [24/Dec/2025:20:42:21 +0000] \"GET /health HTTP/1.1\" 200 73 \"-\" \"HTTPie\"","service":"acquisitions-api"}
{"level":"info","message":"::1 - - [24/Dec/2025:20:42:21 +0000] \"GET /health HTTP/1.1\" 200 74 \"-\" \"HTTPie\"","service":"acquisitions-api"}
{"level":"info","message":"::1 - - [24/Dec/2025:20:42:21 +0000] \"GET /health HTTP/1.1\" 200 74 \"-\" \"HTTPie\"","service":"acquisitions-api"}
{"level":"info","message":"::1 - - [24/Dec/2025:20:42:21 +0000] \"GET /health HTTP/1.1\" 200 74 \"-\" \"HTTPie\"","service":"acquisitions-api"}
{"level":"info","message":"::1 - - [24/Dec/2025:20:42:21 +0000] \"GET /health HTTP/1.1\" 200 74 \"-\" \"HTTPie\"","service":"acquisitions-api"}
{"level":"info","message":"::1 - - [24/Dec/2025:20:42:21 +0000] \"GET /health HTTP/1.1\" 200 74 \"-\" \"HTTPie\"","service":"acquisitions-api"}
{"level":"info","message":"::1 - - [24/Dec/2025:20:42:22 +0000] \"GET /health HTTP/1.1\" 200 73 \"-\" \"HTTPie\"","service":"acquisitions-api"}
{"level":"info","message":"::1 - - [24/Dec/2025:20:42:22 +0000] \"GET /health HTTP/1.1\" 200 74 \"-\" \"HTTPie\"","service":"acquisitions-api"}
{"level":"info","message":"::1 - - [24/Dec/2025:20:42:22 +0000] \"GET /health HTTP/1.1\" 200 74 \"-\" \"HTTPie\"","service":"acquisitions-api"}
{"level":"info","message":"::1 - - [24/Dec/2025:20:42:22 +0000] \"GET /health HTTP/1.1\" 200 74 \"-\" \"HTTPie\"","service":"acquisitions-api"}
{"level":"info","message":"::1 - - [24/Dec/2025:20:42:22 +0000] \"GET /health HTTP/1.1\" 200 74 \"-\" \"HTTPie\"","service":"acquisitions-api"}
{"level":"info","message":"::1 - - [24/Dec/2025:20:42:22 +0000] \"GET /health HTTP/1.1\" 200 74 \"-\" \"HTTPie\"","service":"acquisitions-api"}
{"level":"info","message":"::1 - - [24/Dec/2025:20:42:22 +0000] \"GET /health HTTP/1.1\" 200 74 \"-\" \"HTTPie\"","service":"acquisitions-api"}
{"level":"info","message":"::1 - - [24/Dec/2025:20:42:23 +0000] \"GET /health HTTP/1.1\" 200 73 \"-\" \"HTTPie\"","service":"acquisitions-api"}
{"level":"info","message":"::1 - - [24/Dec/2025:20:42:23 +0000] \"GET /health HTTP/1.1\" 200 74 \"-\" \"HTTPie\"","service":"acquisitions-api"}
{"level":"info","message":"::1 - - [24/Dec/2025:20:42:23 +0000] \"GET /health HTTP/1.1\" 200 73 \"-\" \"HTTPie\"","service":"acquisitions-api"}
{"level":"info","message":"::1 - - [24/Dec/2025:20:42:23 +0000] \"GET /health HTTP/1.1\" 200 74 \"-\" \"HTTPie\"","service":"acquisitions-api"}
{"level":"info","message":"::1 - - [24/Dec/2025:20:42:24 +0000] \"GET /health HTTP/1.1\" 200 74 \"-\" \"HTTPie\"","service":"acquisitions-api"}
{"level":"info","message":"::1 - - [24/Dec/2025:20:42:24 +0000] \"GET /health HTTP/1.1\" 200 74 \"-\" \"HTTPie\"","service":"acquisitions-api"}
{"level":"info","message":"::1 - - [24/Dec/2025:20:42:24 +0000] \"GET /health HTTP/1.1\" 200 74 \"-\" \"HTTPie\"","service":"acquisitions-api"}
{"level":"info","message":"::1 - - [24/Dec/2025:20:42:24 +0000] \"GET /health HTTP/1.1\" 200 74 \"-\" \"HTTPie\"","service":"acquisitions-api"}
{"level":"info","message":"::1 - - [24/Dec/2025:20:42:24 +0000] \"GET /health HTTP/1.1\" 200 74 \"-\" \"HTTPie\"","service":"acquisitions-api"}
{"level":"info","message":"::1 - - [24/Dec/2025:20:42:24 +0000] \"GET /health HTTP/1.1\" 200 74 \"-\" \"HTTPie\"","service":"acquisitions-api"}
{"level":"info","message":"::1 - - [24/Dec/2025:20:42:25 +0000] \"GET /health HTTP/1.1\" 200 74 \"-\" \"HTTPie\"","service":"acquisitions-api"}
{"level":"info","message":"::1 - - [24/Dec/2025:20:42:25 +0000] \"GET /health HTTP/1.1\" 200 74 \"-\" \"HTTPie\"","service":"acquisitions-api"}
{"level":"info","message":"::1 - - [24/Dec/2025:20:42:25 +0000] \"GET /health HTTP/1.1\" 200 74 \"-\" \"HTTPie\"","service":"acquisitions-api"}
{"level":"info","message":"::1 - - [24/Dec/2025:20:42:25 +0000] \"GET /health HTTP/1.1\" 200 74 \"-\" \"HTTPie\"","service":"acquisitions-api"}
{"level":"info","message":"::1 - - [24/Dec/2025:20:42:25 +0000] \"GET /health HTTP/1.1\" 200 74 \"-\" \"HTTPie\"","service":"acquisitions-api"}
{"level":"info","message":"::1 - - [24/Dec/2025:20:42:26 +0000] \"GET /health HTTP/1.1\" 200 74 \"-\" \"HTTPie\"","service":"acquisitions-api"}
{"level":"info","message":"::1 - - [24/Dec/2025:20:42:26 +0000] \"GET /health HTTP/1.1\" 200 74 \"-\" \"HTTPie\"","service":"acquisitions-api"}
{"level":"info","message":"::1 - - [24/Dec/2025:20:42:26 +0000] \"GET /health HTTP/1.1\" 200 74 \"-\" \"HTTPie\"","service":"acquisitions-api"}
{"level":"info","message":"::1 - - [24/Dec/2025:20:42:26 +0000] \"GET /health HTTP/1.1\" 200 74 \"-\" \"HTTPie\"","service":"acquisitions-api"}
{"level":"info","message":"::1 - - [24/Dec/2025:20:42:26 +0000] \"GET /health HTTP/1.1\" 200 74 \"-\" \"HTTPie\"","service":"acquisitions-api"}
{"level":"info","message":"::1 - - [24/Dec/2025:20:42:27 +0000] \"GET /health HTTP/1.1\" 200 74 \"-\" \"HTTPie\"","service":"acquisitions-api"}
{"level":"info","message":"::1 - - [24/Dec/2025:20:42:27 +0000] \"GET /health HTTP/1.1\" 200 74 \"-\" \"HTTPie\"","service":"acquisitions-api"}
{"level":"info","message":"::1 - - [24/Dec/2025:20:42:27 +0000] \"GET /health HTTP/1.1\" 200 74 \"-\" \"HTTPie\"","service":"acquisitions-api"}
{"level":"info","message":"::1 - - [24/Dec/2025:20:42:27 +0000] \"GET /health HTTP/1.1\" 200 74 \"-\" \"HTTPie\"","service":"acquisitions-api"}
{"level":"info","message":"::1 - - [24/Dec/2025:20:42:27 +0000] \"GET /health HTTP/1.1\" 200 74 \"-\" \"HTTPie\"","service":"acquisitions-api"}
{"level":"info","message":"::1 - - [24/Dec/2025:20:42:28 +0000] \"GET /health HTTP/1.1\" 200 74 \"-\" \"HTTPie\"","service":"acquisitions-api"}
{"level":"info","message":"::1 - - [24/Dec/2025:20:42:28 +0000] \"GET /health HTTP/1.1\" 200 74 \"-\" \"HTTPie\"","service":"acquisitions-api"}
{"level":"info","message":"::1 - - [24/Dec/2025:20:42:28 +0000] \"GET /health HTTP/1.1\" 200 74 \"-\" \"HTTPie\"","service":"acquisitions-api"}
{"level":"info","message":"::1 - - [24/Dec/2025:20:42:28 +0000] \"GET /health HTTP/1.1\" 200 74 \"-\" \"HTTPie\"","service":"acquisitions-api"}
{"level":"info","message":"::1 - - [24/Dec/2025:20:42:28 +0000] \"GET /health HTTP/1.1\" 200 74 \"-\" \"HTTPie\"","service":"acquisitions-api"}
{"level":"info","message":"::1 - - [24/Dec/2025:20:42:28 +0000] \"GET /health HTTP/1.1\" 200 74 \"-\" \"HTTPie\"","service":"acquisitions-api"}
{"level":"info","message":"::1 - - [24/Dec/2025:20:42:29 +0000] \"GET /health HTTP/1.1\" 200 73 \"-\" \"HTTPie\"","service":"acquisitions-api"}
{"level":"info","message":"::1 - - [24/Dec/2025:20:42:29 +0000] \"GET /health HTTP/1.1\" 200 73 \"-\" \"HTTPie\"","service":"acquisitions-api"}
{"level":"info","message":"::1 - - [24/Dec/2025:20:42:29 +0000] \"GET /health HTTP/1.1\" 200 74 \"-\" \"HTTPie\"","service":"acquisitions-api"}
{"level":"info","message":"::1 - - [24/Dec/2025:20:42:29 +0000] \"GET /health HTTP/1.1\" 200 74 \"-\" \"HTTPie\"","service":"acquisitions-api"}
{"level":"info","message":"::1 - - [24/Dec/2025:20:42:29 +0000] \"GET /health HTTP/1.1\" 200 74 \"-\" \"HTTPie\"","service":"acquisitions-api"}
{"level":"info","message":"::1 - - [24/Dec/2025:20:42:29 +0000] \"GET /health HTTP/1.1\" 200 74 \"-\" \"HTTPie\"","service":"acquisitions-api"}
{"level":"info","message":"::1 - - [24/Dec/2025:20:42:30 +0000] \"GET /health HTTP/1.1\" 200 73 \"-\" \"HTTPie\"","service":"acquisitions-api"}
{"level":"info","message":"::1 - - [24/Dec/2025:20:42:30 +0000] \"GET /health HTTP/1.1\" 200 73 \"-\" \"HTTPie\"","service":"acquisitions-api"}
{"level":"info","message":"::1 - - [24/Dec/2025:20:42:30 +0000] \"GET /health HTTP/1.1\" 200 74 \"-\" \"HTTPie\"","service":"acquisitions-api"}
{"level":"info","message":"::1 - - [24/Dec/2025:20:42:30 +0000] \"GET /health HTTP/1.1\" 200 72 \"-\" \"HTTPie\"","service":"acquisitions-api"}
{"level":"info","message":"::1 - - [24/Dec/2025:20:42:30 +0000] \"GET /health HTTP/1.1\" 200 74 \"-\" \"HTTPie\"","service":"acquisitions-api"}
{"level":"info","message":"::1 - - [24/Dec/2025:20:42:30 +0000] \"GET /health HTTP/1.1\" 200 74 \"-\" \"HTTPie\"","service":"acquisitions-api"}
{"level":"info","message":"::1 - - [24/Dec/2025:20:42:31 +0000] \"GET /health HTTP/1.1\" 200 74 \"-\" \"HTTPie\"","service":"acquisitions-api"}
{"level":"info","message":"::1 - - [24/Dec/2025:20:42:31 +0000] \"GET /health HTTP/1.1\" 200 73 \"-\" \"HTTPie\"","service":"acquisitions-api"}
{"level":"info","message":"::1 - - [24/Dec/2025:20:42:31 +0000] \"GET /health HTTP/1.1\" 200 73 \"-\" \"HTTPie\"","service":"acquisitions-api"}
{"level":"info","message":"::1 - - [24/Dec/2025:20:42:31 +0000] \"GET /health HTTP/1.1\" 200 74 \"-\" \"HTTPie\"","service":"acquisitions-api"}
{"level":"info","message":"::1 - - [24/Dec/2025:20:42:31 +0000] \"GET /health HTTP/1.1\" 200 74 \"-\" \"HTTPie\"","service":"acquisitions-api"}
{"level":"info","message":"::1 - - [24/Dec/2025:20:42:32 +0000] \"GET /health HTTP/1.1\" 200 74 \"-\" \"HTTPie\"","service":"acquisitions-api"}
{"level":"info","message":"::1 - - [24/Dec/2025:20:42:32 +0000] \"GET /health HTTP/1.1\" 200 74 \"-\" \"HTTPie\"","service":"acquisitions-api"}
{"level":"info","message":"::1 - - [24/Dec/2025:20:42:32 +0000] \"GET /health HTTP/1.1\" 200 74 \"-\" \"HTTPie\"","service":"acquisitions-api"}
{"level":"info","message":"::1 - - [24/Dec/2025:20:42:32 +0000] \"GET /health HTTP/1.1\" 200 74 \"-\" \"HTTPie\"","service":"acquisitions-api"}
{"level":"info","message":"::1 - - [24/Dec/2025:20:42:32 +0000] \"GET /health HTTP/1.1\" 200 74 \"-\" \"HTTPie\"","service":"acquisitions-api"}
{"level":"info","message":"::1 - - [24/Dec/2025:20:42:33 +0000] \"GET /health HTTP/1.1\" 200 74 \"-\" \"HTTPie\"","service":"acquisitions-api"}
{"level":"info","message":"::1 - - [24/Dec/2025:20:42:33 +0000] \"GET /health HTTP/1.1\" 200 74 \"-\" \"HTTPie\"","service":"acquisitions-api"}
{"level":"info","message":"::1 - - [24/Dec/2025:20:42:33 +0000] \"GET /health HTTP/1.1\" 200 74 \"-\" \"HTTPie\"","service":"acquisitions-api"}
{"level":"info","message":"::1 - - [24/Dec/2025:20:42:33 +0000] \"GET /health HTTP/1.1\" 200 74 \"-\" \"HTTPie\"","service":"acquisitions-api"}
{"level":"info","message":"::1 - - [24/Dec/2025:20:42:33 +0000] \"GET /health HTTP/1.1\" 200 74 \"-\" \"HTTPie\"","service":"acquisitions-api"}
{"level":"info","message":"::1 - - [24/Dec/2025:20:42:34 +0000] \"GET /health HTTP/1.1\" 200 74 \"-\" \"HTTPie\"","service":"acquisitions-api"}
{"level":"info","message":"::1 - - [24/Dec/2025:20:42:35 +0000] \"GET /health HTTP/1.1\" 200 74 \"-\" \"HTTPie\"","service":"acquisitions-api"}
{"level":"info","message":"::1 - - [24/Dec/2025:20:42:35 +0000] \"GET /health HTTP/1.1\" 200 74 \"-\" \"HTTPie\"","service":"acquisitions-api"}
{"level":"info","message":"::1 - - [24/Dec/2025:20:42:35 +0000] \"GET /health HTTP/1.1\" 200 74 \"-\" \"HTTPie\"","service":"acquisitions-api"}
{"level":"info","message":"::1 - - [24/Dec/2025:20:42:35 +0000] \"GET /health HTTP/1.1\" 200 74 \"-\" \"HTTPie\"","service":"acquisitions-api"}
{"level":"info","message":"::1 - - [24/Dec/2025:20:42:36 +0000] \"GET /health HTTP/1.1\" 200 74 \"-\" \"HTTPie\"","service":"acquisitions-api"}
{"level":"info","message":"::1 - - [24/Dec/2025:20:42:37 +0000] \"GET /health HTTP/1.1\" 200 74 \"-\" \"HTTPie\"","service":"acquisitions-api"}
{"level":"info","message":"::1 - - [24/Dec/2025:20:43:45 +0000] \"GET /health HTTP/1.1\" 200 73 \"-\" \"HTTPie\"","service":"acquisitions-api"}
{"level":"info","message":"::1 - - [24/Dec/2025:20:43:46 +0000] \"GET /health HTTP/1.1\" 200 73 \"-\" \"HTTPie\"","service":"acquisitions-api"}
{"level":"info","message":"::1 - - [24/Dec/2025:20:43:47 +0000] \"GET /health HTTP/1.1\" 200 73 \"-\" \"HTTPie\"","service":"acquisitions-api"}
{"level":"info","message":"::1 - - [24/Dec/2025:20:43:47 +0000] \"GET /health HTTP/1.1\" 200 73 \"-\" \"HTTPie\"","service":"acquisitions-api"}
{"level":"info","message":"::1 - - [24/Dec/2025:20:43:47 +0000] \"GET /health HTTP/1.1\" 200 73 \"-\" \"HTTPie\"","service":"acquisitions-api"}
{"level":"info","message":"::1 - - [24/Dec/2025:20:43:47 +0000] \"GET /health HTTP/1.1\" 200 73 \"-\" \"HTTPie\"","service":"acquisitions-api"}
{"level":"info","message":"::1 - - [24/Dec/2025:20:43:48 +0000] \"GET /health HTTP/1.1\" 200 73 \"-\" \"HTTPie\"","service":"acquisitions-api"}
{"level":"info","message":"::1 - - [24/Dec/2025:20:43:48 +0000] \"GET /health HTTP/1.1\" 200 73 \"-\" \"HTTPie\"","service":"acquisitions-api"}
{"level":"info","message":"::1 - - [24/Dec/2025:20:43:48 +0000] \"GET /health HTTP/1.1\" 200 73 \"-\" \"HTTPie\"","service":"acquisitions-api"}
{"level":"info","message":"::1 - - [24/Dec/2025:20:43:48 +0000] \"GET /health HTTP/1.1\" 200 73 \"-\" \"HTTPie\"","service":"acquisitions-api"}
{"level":"info","message":"::1 - - [24/Dec/2025:20:43:48 +0000] \"GET /health HTTP/1.1\" 200 74 \"-\" \"HTTPie\"","service":"acquisitions-api"}
{"level":"info","message":"::1 - - [24/Dec/2025:20:43:48 +0000] \"GET /health HTTP/1.1\" 200 72 \"-\" \"HTTPie\"","service":"acquisitions-api"}
{"level":"info","message":"::1 - - [24/Dec/2025:20:43:49 +0000] \"GET /health HTTP/1.1\" 200 74 \"-\" \"HTTPie\"","service":"acquisitions-api"}
{"level":"info","message":"::1 - - [24/Dec/2025:20:43:49 +0000] \"GET /health HTTP/1.1\" 200 74 \"-\" \"HTTPie\"","service":"acquisitions-api"}
{"level":"info","message":"::1 - - [24/Dec/2025:20:43:49 +0000] \"GET /health HTTP/1.1\" 200 74 \"-\" \"HTTPie\"","service":"acquisitions-api"}
{"level":"info","message":"::1 - - [24/Dec/2025:20:43:49 +0000] \"GET /health HTTP/1.1\" 200 74 \"-\" \"HTTPie\"","service":"acquisitions-api"}
{"level":"info","message":"::1 - - [24/Dec/2025:20:43:49 +0000] \"GET /health HTTP/1.1\" 200 74 \"-\" \"HTTPie\"","service":"acquisitions-api"}
{"level":"info","message":"::1 - - [24/Dec/2025:20:43:49 +0000] \"GET /health HTTP/1.1\" 200 74 \"-\" \"HTTPie\"","service":"acquisitions-api"}
{"level":"info","message":"::1 - - [24/Dec/2025:20:43:50 +0000] \"GET /health HTTP/1.1\" 200 74 \"-\" \"HTTPie\"","service":"acquisitions-api"}
{"level":"info","message":"::1 - - [24/Dec/2025:20:43:50 +0000] \"GET /health HTTP/1.1\" 200 74 \"-\" \"HTTPie\"","service":"acquisitions-api"}
{"level":"info","message":"::1 - - [24/Dec/2025:20:43:50 +0000] \"GET /health HTTP/1.1\" 200 74 \"-\" \"HTTPie\"","service":"acquisitions-api"}
{"level":"info","message":"::1 - - [24/Dec/2025:20:43:51 +0000] \"GET /health HTTP/1.1\" 200 74 \"-\" \"HTTPie\"","service":"acquisitions-api"}
{"level":"info","message":"::1 - - [24/Dec/2025:20:43:51 +0000] \"GET /health HTTP/1.1\" 200 74 \"-\" \"HTTPie\"","service":"acquisitions-api"}
{"level":"info","message":"::1 - - [24/Dec/2025:20:43:51 +0000] \"GET /health HTTP/1.1\" 200 74 \"-\" \"HTTPie\"","service":"acquisitions-api"}
{"level":"info","message":"::1 - - [24/Dec/2025:20:43:52 +0000] \"GET /health HTTP/1.1\" 200 74 \"-\" \"HTTPie\"","service":"acquisitions-api"}
{"level":"info","message":"::1 - - [24/Dec/2025:20:43:52 +0000] \"GET /health HTTP/1.1\" 200 74 \"-\" \"HTTPie\"","service":"acquisitions-api"}
{"level":"info","message":"::1 - - [24/Dec/2025:20:43:52 +0000] \"GET /health HTTP/1.1\" 200 74 \"-\" \"HTTPie\"","service":"acquisitions-api"}
{"level":"info","message":"::1 - - [24/Dec/2025:20:43:53 +0000] \"GET /health HTTP/1.1\" 200 74 \"-\" \"HTTPie\"","service":"acquisitions-api"}
{"level":"info","message":"::1 - - [24/Dec/2025:20:43:53 +0000] \"GET /health HTTP/1.1\" 200 74 \"-\" \"HTTPie\"","service":"acquisitions-api"}
{"level":"info","message":"::1 - - [24/Dec/2025:20:43:53 +0000] \"GET /health HTTP/1.1\" 200 74 \"-\" \"HTTPie\"","service":"acquisitions-api"}
{"level":"info","message":"::1 - - [24/Dec/2025:20:43:54 +0000] \"GET /health HTTP/1.1\" 200 74 \"-\" \"HTTPie\"","service":"acquisitions-api"}
{"level":"info","message":"::1 - - [24/Dec/2025:20:43:54 +0000] \"GET /health HTTP/1.1\" 200 74 \"-\" \"HTTPie\"","service":"acquisitions-api"}
{"level":"info","message":"::1 - - [24/Dec/2025:20:43:54 +0000] \"GET /health HTTP/1.1\" 200 74 \"-\" \"HTTPie\"","service":"acquisitions-api"}
{"level":"info","message":"::1 - - [24/Dec/2025:20:43:55 +0000] \"GET /health HTTP/1.1\" 200 72 \"-\" \"HTTPie\"","service":"acquisitions-api"}
{"level":"info","message":"::1 - - [24/Dec/2025:20:43:55 +0000] \"GET /health HTTP/1.1\" 200 74 \"-\" \"HTTPie\"","service":"acquisitions-api"}
{"level":"info","message":"::1 - - [24/Dec/2025:20:43:55 +0000] \"GET /health HTTP/1.1\" 200 73 \"-\" \"HTTPie\"","service":"acquisitions-api"}
{"level":"info","message":"::1 - - [24/Dec/2025:20:43:56 +0000] \"GET /health HTTP/1.1\" 200 74 \"-\" \"HTTPie\"","service":"acquisitions-api"}
{"level":"info","message":"::1 - - [24/Dec/2025:20:43:56 +0000] \"GET /health HTTP/1.1\" 200 74 \"-\" \"HTTPie\"","service":"acquisitions-api"}
{"level":"info","message":"::1 - - [24/Dec/2025:20:43:56 +0000] \"GET /health HTTP/1.1\" 200 73 \"-\" \"HTTPie\"","service":"acquisitions-api"}
{"level":"info","message":"::1 - - [24/Dec/2025:20:43:57 +0000] \"GET /health HTTP/1.1\" 200 74 \"-\" \"HTTPie\"","service":"acquisitions-api"}
{"level":"info","message":"::1 - - [24/Dec/2025:20:43:57 +0000] \"GET /health HTTP/1.1\" 200 74 \"-\" \"HTTPie\"","service":"acquisitions-api"}
{"level":"info","message":"::1 - - [24/Dec/2025:20:43:57 +0000] \"GET /health HTTP/1.1\" 200 74 \"-\" \"HTTPie\"","service":"acquisitions-api"}
{"level":"info","message":"::1 - - [24/Dec/2025:20:43:57 +0000] \"GET /health HTTP/1.1\" 200 74 \"-\" \"HTTPie\"","service":"acquisitions-api"}
{"level":"info","message":"::1 - - [24/Dec/2025:20:43:58 +0000] \"GET /health HTTP/1.1\" 200 74 \"-\" \"HTTPie\"","service":"acquisitions-api"}
{"level":"info","message":"::1 - - [24/Dec/2025:20:43:58 +0000] \"GET /health HTTP/1.1\" 200 74 \"-\" \"HTTPie\"","service":"acquisitions-api"}
{"level":"info","message":"::1 - - [24/Dec/2025:20:43:58 +0000] \"GET /health HTTP/1.1\" 200 74 \"-\" \"HTTPie\"","service":"acquisitions-api"}
{"level":"info","message":"::1 - - [24/Dec/2025:20:43:58 +0000] \"GET /health HTTP/1.1\" 200 73 \"-\" \"HTTPie\"","service":"acquisitions-api"}
{"level":"info","message":"::1 - - [24/Dec/2025:20:43:58 +0000] \"GET /health HTTP/1.1\" 200 74 \"-\" \"HTTPie\"","service":"acquisitions-api"}
{"level":"info","message":"::1 - - [24/Dec/2025:20:43:59 +0000] \"GET /health HTTP/1.1\" 200 74 \"-\" \"HTTPie\"","service":"acquisitions-api"}
{"level":"info","message":"::1 - - [24/Dec/2025:20:43:59 +0000] \"GET /health HTTP/1.1\" 200 74 \"-\" \"HTTPie\"","service":"acquisitions-api"}
{"level":"info","message":"::1 - - [24/Dec/2025:20:43:59 +0000] \"GET /health HTTP/1.1\" 200 74 \"-\" \"HTTPie\"","service":"acquisitions-api"}
{"level":"info","message":"::1 - - [24/Dec/2025:20:43:59 +0000] \"GET /health HTTP/1.1\" 200 74 \"-\" \"HTTPie\"","service":"acquisitions-api"}
{"level":"info","message":"::1 - - [24/Dec/2025:20:43:59 +0000] \"GET /health HTTP/1.1\" 200 74 \"-\" \"HTTPie\"","service":"acquisitions-api"}
{"level":"info","message":"::1 - - [24/Dec/2025:20:43:59 +0000] \"GET /health HTTP/1.1\" 200 74 \"-\" \"HTTPie\"","service":"acquisitions-api"}
{"level":"info","message":"::1 - - [24/Dec/2025:20:43:59 +0000] \"GET /health HTTP/1.1\" 200 74 \"-\" \"HTTPie\"","service":"acquisitions-api"}
{"level":"info","message":"::1 - - [24/Dec/2025:20:44:00 +0000] \"GET /health HTTP/1.1\" 200 74 \"-\" \"HTTPie\"","service":"acquisitions-api"}
{"level":"info","message":"::1 - - [24/Dec/2025:20:44:00 +0000] \"GET /health HTTP/1.1\" 200 74 \"-\" \"HTTPie\"","service":"acquisitions-api"}
{"level":"info","message":"::1 - - [24/Dec/2025:20:44:00 +0000] \"GET /health HTTP/1.1\" 200 74 \"-\" \"HTTPie\"","service":"acquisitions-api"}
{"level":"info","message":"::1 - - [24/Dec/2025:20:44:00 +0000] \"GET /health HTTP/1.1\" 200 73 \"-\" \"HTTPie\"","service":"acquisitions-api"}
{"level":"info","message":"::1 - - [24/Dec/2025:20:44:00 +0000] \"GET /health HTTP/1.1\" 200 74 \"-\" \"HTTPie\"","service":"acquisitions-api"}
{"level":"info","message":"::1 - - [24/Dec/2025:20:44:00 +0000] \"GET /health HTTP/1.1\" 200 74 \"-\" \"HTTPie\"","service":"acquisitions-api"}
{"level":"info","message":"::1 - - [24/Dec/2025:20:44:01 +0000] \"GET /health HTTP/1.1\" 200 74 \"-\" \"HTTPie\"","service":"acquisitions-api"}
{"level":"info","message":"::1 - - [24/Dec/2025:20:44:01 +0000] \"GET /health HTTP/1.1\" 200 74 \"-\" \"HTTPie\"","service":"acquisitions-api"}
{"level":"info","message":"::1 - - [24/Dec/2025:20:44:01 +0000] \"GET /health HTTP/1.1\" 200 74 \"-\" \"HTTPie\"","service":"acquisitions-api"}
{"level":"info","message":"::1 - - [24/Dec/2025:20:44:01 +0000] \"GET /health HTTP/1.1\" 200 74 \"-\" \"HTTPie\"","service":"acquisitions-api"}
{"level":"info","message":"::1 - - [24/Dec/2025:20:44:01 +0000] \"GET /health HTTP/1.1\" 200 74 \"-\" \"HTTPie\"","service":"acquisitions-api"}
{"level":"info","message":"::1 - - [24/Dec/2025:20:44:01 +0000] \"GET /health HTTP/1.1\" 200 74 \"-\" \"HTTPie\"","service":"acquisitions-api"}
{"level":"info","message":"::1 - - [24/Dec/2025:20:44:02 +0000] \"GET /health HTTP/1.1\" 200 74 \"-\" \"HTTPie\"","service":"acquisitions-api"}
{"level":"info","message":"::1 - - [24/Dec/2025:20:44:02 +0000] \"GET /health HTTP/1.1\" 200 73 \"-\" \"HTTPie\"","service":"acquisitions-api"}
{"level":"info","message":"::1 - - [24/Dec/2025:20:44:02 +0000] \"GET /health HTTP/1.1\" 200 74 \"-\" \"HTTPie\"","service":"acquisitions-api"}
{"level":"info","message":"::1 - - [24/Dec/2025:20:44:02 +0000] \"GET /health HTTP/1.1\" 200 74 \"-\" \"HTTPie\"","service":"acquisitions-api"}
{"level":"info","message":"::1 - - [24/Dec/2025:20:44:02 +0000] \"GET /health HTTP/1.1\" 200 74 \"-\" \"HTTPie\"","service":"acquisitions-api"}
{"level":"info","message":"::1 - - [24/Dec/2025:20:44:02 +0000] \"GET /health HTTP/1.1\" 200 74 \"-\" \"HTTPie\"","service":"acquisitions-api"}
{"level":"info","message":"::1 - - [24/Dec/2025:20:44:03 +0000] \"GET /health HTTP/1.1\" 200 74 \"-\" \"HTTPie\"","service":"acquisitions-api"}
{"level":"info","message":"::1 - - [24/Dec/2025:20:44:03 +0000] \"GET /health HTTP/1.1\" 200 74 \"-\" \"HTTPie\"","service":"acquisitions-api"}
{"level":"info","message":"::1 - - [24/Dec/2025:20:44:03 +0000] \"GET /health HTTP/1.1\" 200 74 \"-\" \"HTTPie\"","service":"acquisitions-api"}
{"level":"info","message":"::1 - - [24/Dec/2025:20:44:03 +0000] \"GET /health HTTP/1.1\" 200 74 \"-\" \"HTTPie\"","service":"acquisitions-api"}
{"level":"info","message":"::1 - - [24/Dec/2025:20:44:03 +0000] \"GET /health HTTP/1.1\" 200 74 \"-\" \"HTTPie\"","service":"acquisitions-api"}
{"level":"info","message":"::1 - - [24/Dec/2025:20:44:03 +0000] \"GET /health HTTP/1.1\" 200 74 \"-\" \"HTTPie\"","service":"acquisitions-api"}
{"level":"info","message":"::1 - - [24/Dec/2025:20:44:04 +0000] \"GET /health HTTP/1.1\" 200 74 \"-\" \"HTTPie\"","service":"acquisitions-api"}
{"level":"info","message":"::1 - - [24/Dec/2025:20:44:04 +0000] \"GET /health HTTP/1.1\" 200 74 \"-\" \"HTTPie\"","service":"acquisitions-api"}
{"level":"info","message":"::1 - - [24/Dec/2025:20:44:04 +0000] \"GET /health HTTP/1.1\" 200 74 \"-\" \"HTTPie\"","service":"acquisitions-api"}
{"level":"info","message":"::1 - - [24/Dec/2025:20:44:04 +0000] \"GET /health HTTP/1.1\" 200 74 \"-\" \"HTTPie\"","service":"acquisitions-api"}
{"level":"info","message":"::1 - - [24/Dec/2025:20:44:04 +0000] \"GET /health HTTP/1.1\" 200 74 \"-\" \"HTTPie\"","service":"acquisitions-api"}
{"level":"info","message":"Hello from Acquisitions!","service":"acquisitions-api"}
{"level":"info","message":"::1 - - [25/Dec/2025:13:56:34 +0000] \"GET / HTTP/1.1\" 304 - \"-\" \"Mozilla/5.0 (Windows NT 10.0; Win64; x64) AppleWebKit/537.36 (KHTML, like Gecko) Chrome/143.0.0.0 Safari/537.36\"","service":"acquisitions-api"}
{"level":"info","message":"::1 - - [25/Dec/2025:13:57:15 +0000] \"GET /health HTTP/1.1\" 200 74 \"-\" \"HTTPie\"","service":"acquisitions-api"}
{"level":"info","message":"::1 - - [25/Dec/2025:13:57:20 +0000] \"GET /health HTTP/1.1\" 200 73 \"-\" \"HTTPie\"","service":"acquisitions-api"}
{"level":"info","message":"::1 - - [25/Dec/2025:13:57:21 +0000] \"GET /health HTTP/1.1\" 200 73 \"-\" \"HTTPie\"","service":"acquisitions-api"}
{"level":"info","message":"::1 - - [25/Dec/2025:13:57:21 +0000] \"GET /health HTTP/1.1\" 200 73 \"-\" \"HTTPie\"","service":"acquisitions-api"}
{"level":"info","message":"::1 - - [25/Dec/2025:13:57:21 +0000] \"GET /health HTTP/1.1\" 200 73 \"-\" \"HTTPie\"","service":"acquisitions-api"}
{"level":"info","message":"::1 - - [25/Dec/2025:13:57:21 +0000] \"GET /health HTTP/1.1\" 200 73 \"-\" \"HTTPie\"","service":"acquisitions-api"}
{"level":"info","message":"::1 - - [25/Dec/2025:13:57:21 +0000] \"GET /health HTTP/1.1\" 200 73 \"-\" \"HTTPie\"","service":"acquisitions-api"}
{"level":"info","message":"::1 - - [25/Dec/2025:13:57:22 +0000] \"GET /health HTTP/1.1\" 200 73 \"-\" \"HTTPie\"","service":"acquisitions-api"}
{"level":"info","message":"::1 - - [25/Dec/2025:13:57:22 +0000] \"GET /health HTTP/1.1\" 200 73 \"-\" \"HTTPie\"","service":"acquisitions-api"}
{"level":"info","message":"::1 - - [25/Dec/2025:13:57:22 +0000] \"GET /health HTTP/1.1\" 200 73 \"-\" \"HTTPie\"","service":"acquisitions-api"}
{"level":"info","message":"::1 - - [25/Dec/2025:13:57:22 +0000] \"GET /health HTTP/1.1\" 200 73 \"-\" \"HTTPie\"","service":"acquisitions-api"}
{"level":"info","message":"::1 - - [25/Dec/2025:13:57:22 +0000] \"GET /health HTTP/1.1\" 200 73 \"-\" \"HTTPie\"","service":"acquisitions-api"}
{"level":"info","message":"::1 - - [25/Dec/2025:13:57:22 +0000] \"GET /health HTTP/1.1\" 200 73 \"-\" \"HTTPie\"","service":"acquisitions-api"}
{"level":"info","message":"::1 - - [25/Dec/2025:13:57:23 +0000] \"GET /health HTTP/1.1\" 200 73 \"-\" \"HTTPie\"","service":"acquisitions-api"}
{"level":"info","message":"::1 - - [25/Dec/2025:13:57:23 +0000] \"GET /health HTTP/1.1\" 200 73 \"-\" \"HTTPie\"","service":"acquisitions-api"}
{"level":"info","message":"::1 - - [25/Dec/2025:13:57:23 +0000] \"GET /health HTTP/1.1\" 200 73 \"-\" \"HTTPie\"","service":"acquisitions-api"}
{"level":"info","message":"::1 - - [25/Dec/2025:13:57:23 +0000] \"GET /health HTTP/1.1\" 200 73 \"-\" \"HTTPie\"","service":"acquisitions-api"}
{"level":"info","message":"::1 - - [25/Dec/2025:13:57:23 +0000] \"GET /health HTTP/1.1\" 200 73 \"-\" \"HTTPie\"","service":"acquisitions-api"}
{"level":"info","message":"::1 - - [25/Dec/2025:13:57:23 +0000] \"GET /health HTTP/1.1\" 200 73 \"-\" \"HTTPie\"","service":"acquisitions-api"}
{"level":"info","message":"::1 - - [25/Dec/2025:13:57:24 +0000] \"GET /health HTTP/1.1\" 200 73 \"-\" \"HTTPie\"","service":"acquisitions-api"}
{"level":"info","message":"::1 - - [25/Dec/2025:13:57:24 +0000] \"GET /health HTTP/1.1\" 200 73 \"-\" \"HTTPie\"","service":"acquisitions-api"}
{"level":"info","message":"::1 - - [25/Dec/2025:13:57:24 +0000] \"GET /health HTTP/1.1\" 200 72 \"-\" \"HTTPie\"","service":"acquisitions-api"}
{"level":"info","message":"::1 - - [25/Dec/2025:13:57:24 +0000] \"GET /health HTTP/1.1\" 200 72 \"-\" \"HTTPie\"","service":"acquisitions-api"}
{"level":"info","message":"::1 - - [25/Dec/2025:13:57:24 +0000] \"GET /health HTTP/1.1\" 200 73 \"-\" \"HTTPie\"","service":"acquisitions-api"}
{"level":"info","message":"::1 - - [25/Dec/2025:13:57:24 +0000] \"GET /health HTTP/1.1\" 200 73 \"-\" \"HTTPie\"","service":"acquisitions-api"}
{"level":"info","message":"::1 - - [25/Dec/2025:13:57:25 +0000] \"GET /health HTTP/1.1\" 200 73 \"-\" \"HTTPie\"","service":"acquisitions-api"}
{"level":"info","message":"::1 - - [25/Dec/2025:13:57:25 +0000] \"GET /health HTTP/1.1\" 200 73 \"-\" \"HTTPie\"","service":"acquisitions-api"}
{"level":"info","message":"::1 - - [25/Dec/2025:13:57:25 +0000] \"GET /health HTTP/1.1\" 200 74 \"-\" \"HTTPie\"","service":"acquisitions-api"}
{"level":"info","message":"Hello from Acquisitions!","service":"acquisitions-api"}
{"level":"info","message":"::1 - - [25/Dec/2025:13:57:37 +0000] \"GET / HTTP/1.1\" 200 24 \"-\" \"HTTPie\"","service":"acquisitions-api"}
{"level":"info","message":"Hello from Acquisitions!","service":"acquisitions-api"}
{"level":"info","message":"::1 - - [25/Dec/2025:13:57:40 +0000] \"GET / HTTP/1.1\" 200 24 \"-\" \"HTTPie\"","service":"acquisitions-api"}
{"level":"info","message":"Hello from Acquisitions!","service":"acquisitions-api"}
{"level":"info","message":"::1 - - [25/Dec/2025:13:57:41 +0000] \"GET / HTTP/1.1\" 200 24 \"-\" \"HTTPie\"","service":"acquisitions-api"}
{"level":"info","message":"Hello from Acquisitions!","service":"acquisitions-api"}
{"level":"info","message":"::1 - - [25/Dec/2025:13:57:41 +0000] \"GET / HTTP/1.1\" 200 24 \"-\" \"HTTPie\"","service":"acquisitions-api"}
{"level":"info","message":"Hello from Acquisitions!","service":"acquisitions-api"}
{"level":"info","message":"::1 - - [25/Dec/2025:13:57:41 +0000] \"GET / HTTP/1.1\" 200 24 \"-\" \"HTTPie\"","service":"acquisitions-api"}
{"level":"info","message":"Hello from Acquisitions!","service":"acquisitions-api"}
{"level":"info","message":"::1 - - [25/Dec/2025:13:57:41 +0000] \"GET / HTTP/1.1\" 200 24 \"-\" \"HTTPie\"","service":"acquisitions-api"}
{"level":"info","message":"Hello from Acquisitions!","service":"acquisitions-api"}
{"level":"info","message":"::1 - - [25/Dec/2025:13:57:42 +0000] \"GET / HTTP/1.1\" 200 24 \"-\" \"HTTPie\"","service":"acquisitions-api"}
{"level":"info","message":"Hello from Acquisitions!","service":"acquisitions-api"}
{"level":"info","message":"::1 - - [25/Dec/2025:13:57:42 +0000] \"GET / HTTP/1.1\" 200 24 \"-\" \"HTTPie\"","service":"acquisitions-api"}
{"level":"info","message":"Hello from Acquisitions!","service":"acquisitions-api"}
{"level":"info","message":"::1 - - [25/Dec/2025:13:57:42 +0000] \"GET / HTTP/1.1\" 200 24 \"-\" \"HTTPie\"","service":"acquisitions-api"}
{"level":"info","message":"Hello from Acquisitions!","service":"acquisitions-api"}
{"level":"info","message":"::1 - - [25/Dec/2025:13:57:42 +0000] \"GET / HTTP/1.1\" 200 24 \"-\" \"HTTPie\"","service":"acquisitions-api"}
{"level":"info","message":"Hello from Acquisitions!","service":"acquisitions-api"}
{"level":"info","message":"::1 - - [25/Dec/2025:13:57:42 +0000] \"GET / HTTP/1.1\" 200 24 \"-\" \"HTTPie\"","service":"acquisitions-api"}
{"level":"info","message":"Hello from Acquisitions!","service":"acquisitions-api"}
{"level":"info","message":"::1 - - [25/Dec/2025:13:57:42 +0000] \"GET / HTTP/1.1\" 200 24 \"-\" \"HTTPie\"","service":"acquisitions-api"}
{"level":"info","message":"Hello from Acquisitions!","service":"acquisitions-api"}
{"level":"info","message":"::1 - - [25/Dec/2025:13:57:43 +0000] \"GET / HTTP/1.1\" 200 24 \"-\" \"HTTPie\"","service":"acquisitions-api"}
{"level":"info","message":"Hello from Acquisitions!","service":"acquisitions-api"}
{"level":"info","message":"::1 - - [25/Dec/2025:13:57:43 +0000] \"GET / HTTP/1.1\" 200 24 \"-\" \"HTTPie\"","service":"acquisitions-api"}
{"level":"info","message":"Hello from Acquisitions!","service":"acquisitions-api"}
{"level":"info","message":"::1 - - [25/Dec/2025:13:57:43 +0000] \"GET / HTTP/1.1\" 200 24 \"-\" \"HTTPie\"","service":"acquisitions-api"}
{"level":"info","message":"Hello from Acquisitions!","service":"acquisitions-api"}
{"level":"info","message":"::1 - - [25/Dec/2025:13:57:43 +0000] \"GET / HTTP/1.1\" 200 24 \"-\" \"HTTPie\"","service":"acquisitions-api"}
{"level":"info","message":"Hello from Acquisitions!","service":"acquisitions-api"}
{"level":"info","message":"::1 - - [25/Dec/2025:13:57:43 +0000] \"GET / HTTP/1.1\" 200 24 \"-\" \"HTTPie\"","service":"acquisitions-api"}
{"level":"info","message":"Hello from Acquisitions!","service":"acquisitions-api"}
{"level":"info","message":"::1 - - [25/Dec/2025:13:57:44 +0000] \"GET / HTTP/1.1\" 200 24 \"-\" \"HTTPie\"","service":"acquisitions-api"}
{"level":"info","message":"Hello from Acquisitions!","service":"acquisitions-api"}
{"level":"info","message":"::1 - - [25/Dec/2025:13:57:44 +0000] \"GET / HTTP/1.1\" 200 24 \"-\" \"HTTPie\"","service":"acquisitions-api"}
{"level":"info","message":"Hello from Acquisitions!","service":"acquisitions-api"}
{"level":"info","message":"::1 - - [25/Dec/2025:13:57:44 +0000] \"GET / HTTP/1.1\" 200 24 \"-\" \"HTTPie\"","service":"acquisitions-api"}
{"level":"info","message":"::1 - - [25/Dec/2025:13:58:06 +0000] \"POST /api/auth/sign-in HTTP/1.1\" 400 144 \"-\" \"HTTPie\"","service":"acquisitions-api"}
{"level":"info","message":"User signed out successfully","service":"acquisitions-api"}
{"level":"info","message":"::1 - - [25/Dec/2025:13:58:16 +0000] \"POST /api/auth/sign-out HTTP/1.1\" 200 42 \"-\" \"HTTPie\"","service":"acquisitions-api"}
{"level":"info","message":"::1 - - [25/Dec/2025:13:58:23 +0000] \"POST /api/auth/sign-up HTTP/1.1\" 400 196 \"-\" \"HTTPie\"","service":"acquisitions-api"}
{"level":"error","message":"Error authenticating user: Error: User not found","service":"acquisitions-api"}
{"level":"error","message":"Sign in error User not found","service":"acquisitions-api","stack":"Error: User not found\n    at authenticateUser (file:///D:/Code/Project/acquisitions/src/services/auth.service.js:66:13)\n    at process.processTicksAndRejections (node:internal/process/task_queues:105:5)\n    at async signIn (file:///D:/Code/Project/acquisitions/src/controllers/auth.controller.js:65:18)"}
{"level":"info","message":"::1 - - [25/Dec/2025:14:01:04 +0000] \"POST /api/auth/sign-in HTTP/1.1\" 401 31 \"-\" \"HTTPie\"","service":"acquisitions-api"}
{"level":"error","message":"Error authenticating user: Error: User not found","service":"acquisitions-api"}
{"level":"error","message":"Sign in error User not found","service":"acquisitions-api","stack":"Error: User not found\n    at authenticateUser (file:///D:/Code/Project/acquisitions/src/services/auth.service.js:66:13)\n    at process.processTicksAndRejections (node:internal/process/task_queues:105:5)\n    at async signIn (file:///D:/Code/Project/acquisitions/src/controllers/auth.controller.js:65:18)"}
{"level":"info","message":"::1 - - [25/Dec/2025:14:01:18 +0000] \"POST /api/auth/sign-in HTTP/1.1\" 401 31 \"-\" \"HTTPie\"","service":"acquisitions-api"}
{"level":"error","message":"Error authenticating user: Error: User not found","service":"acquisitions-api"}
{"level":"error","message":"Sign in error User not found","service":"acquisitions-api","stack":"Error: User not found\n    at authenticateUser (file:///D:/Code/Project/acquisitions/src/services/auth.service.js:66:13)\n    at process.processTicksAndRejections (node:internal/process/task_queues:105:5)\n    at async signIn (file:///D:/Code/Project/acquisitions/src/controllers/auth.controller.js:65:18)"}
{"level":"info","message":"::1 - - [25/Dec/2025:14:01:19 +0000] \"POST /api/auth/sign-in HTTP/1.1\" 401 31 \"-\" \"HTTPie\"","service":"acquisitions-api"}
{"level":"error","message":"Error authenticating user: Error: User not found","service":"acquisitions-api"}
{"level":"error","message":"Sign in error User not found","service":"acquisitions-api","stack":"Error: User not found\n    at authenticateUser (file:///D:/Code/Project/acquisitions/src/services/auth.service.js:66:13)\n    at process.processTicksAndRejections (node:internal/process/task_queues:105:5)\n    at async signIn (file:///D:/Code/Project/acquisitions/src/controllers/auth.controller.js:65:18)"}
{"level":"info","message":"::1 - - [25/Dec/2025:14:01:19 +0000] \"POST /api/auth/sign-in HTTP/1.1\" 401 31 \"-\" \"HTTPie\"","service":"acquisitions-api"}
{"level":"error","message":"Error authenticating user: Error: User not found","service":"acquisitions-api"}
{"level":"error","message":"Sign in error User not found","service":"acquisitions-api","stack":"Error: User not found\n    at authenticateUser (file:///D:/Code/Project/acquisitions/src/services/auth.service.js:66:13)\n    at process.processTicksAndRejections (node:internal/process/task_queues:105:5)\n    at async signIn (file:///D:/Code/Project/acquisitions/src/controllers/auth.controller.js:65:18)"}
{"level":"info","message":"::1 - - [25/Dec/2025:14:01:19 +0000] \"POST /api/auth/sign-in HTTP/1.1\" 401 31 \"-\" \"HTTPie\"","service":"acquisitions-api"}
{"level":"error","message":"Error authenticating user: Error: User not found","service":"acquisitions-api"}
{"level":"error","message":"Sign in error User not found","service":"acquisitions-api","stack":"Error: User not found\n    at authenticateUser (file:///D:/Code/Project/acquisitions/src/services/auth.service.js:66:13)\n    at process.processTicksAndRejections (node:internal/process/task_queues:105:5)\n    at async signIn (file:///D:/Code/Project/acquisitions/src/controllers/auth.controller.js:65:18)"}
{"level":"info","message":"::1 - - [25/Dec/2025:14:01:20 +0000] \"POST /api/auth/sign-in HTTP/1.1\" 401 31 \"-\" \"HTTPie\"","service":"acquisitions-api"}
{"level":"error","message":"Error authenticating user: Error: User not found","service":"acquisitions-api"}
{"level":"error","message":"Sign in error User not found","service":"acquisitions-api","stack":"Error: User not found\n    at authenticateUser (file:///D:/Code/Project/acquisitions/src/services/auth.service.js:66:13)\n    at process.processTicksAndRejections (node:internal/process/task_queues:105:5)\n    at async signIn (file:///D:/Code/Project/acquisitions/src/controllers/auth.controller.js:65:18)"}
{"level":"info","message":"::1 - - [25/Dec/2025:14:01:20 +0000] \"POST /api/auth/sign-in HTTP/1.1\" 401 31 \"-\" \"HTTPie\"","service":"acquisitions-api"}
{"level":"error","message":"Error authenticating user: Error: User not found","service":"acquisitions-api"}
{"level":"error","message":"Sign in error User not found","service":"acquisitions-api","stack":"Error: User not found\n    at authenticateUser (file:///D:/Code/Project/acquisitions/src/services/auth.service.js:66:13)\n    at process.processTicksAndRejections (node:internal/process/task_queues:105:5)\n    at async signIn (file:///D:/Code/Project/acquisitions/src/controllers/auth.controller.js:65:18)"}
{"level":"info","message":"::1 - - [25/Dec/2025:14:01:20 +0000] \"POST /api/auth/sign-in HTTP/1.1\" 401 31 \"-\" \"HTTPie\"","service":"acquisitions-api"}
{"level":"error","message":"Error authenticating user: Error: User not found","service":"acquisitions-api"}
{"level":"error","message":"Sign in error User not found","service":"acquisitions-api","stack":"Error: User not found\n    at authenticateUser (file:///D:/Code/Project/acquisitions/src/services/auth.service.js:66:13)\n    at process.processTicksAndRejections (node:internal/process/task_queues:105:5)\n    at async signIn (file:///D:/Code/Project/acquisitions/src/controllers/auth.controller.js:65:18)"}
{"level":"info","message":"::1 - - [25/Dec/2025:14:01:21 +0000] \"POST /api/auth/sign-in HTTP/1.1\" 401 31 \"-\" \"HTTPie\"","service":"acquisitions-api"}
{"level":"error","message":"Error authenticating user: Error: User not found","service":"acquisitions-api"}
{"level":"error","message":"Sign in error User not found","service":"acquisitions-api","stack":"Error: User not found\n    at authenticateUser (file:///D:/Code/Project/acquisitions/src/services/auth.service.js:66:13)\n    at process.processTicksAndRejections (node:internal/process/task_queues:105:5)\n    at async signIn (file:///D:/Code/Project/acquisitions/src/controllers/auth.controller.js:65:18)"}
{"level":"info","message":"::1 - - [25/Dec/2025:14:01:21 +0000] \"POST /api/auth/sign-in HTTP/1.1\" 401 31 \"-\" \"HTTPie\"","service":"acquisitions-api"}
{"level":"error","message":"Error authenticating user: Error: User not found","service":"acquisitions-api"}
{"level":"error","message":"Sign in error User not found","service":"acquisitions-api","stack":"Error: User not found\n    at authenticateUser (file:///D:/Code/Project/acquisitions/src/services/auth.service.js:66:13)\n    at process.processTicksAndRejections (node:internal/process/task_queues:105:5)\n    at async signIn (file:///D:/Code/Project/acquisitions/src/controllers/auth.controller.js:65:18)"}
{"level":"info","message":"::1 - - [25/Dec/2025:14:01:21 +0000] \"POST /api/auth/sign-in HTTP/1.1\" 401 31 \"-\" \"HTTPie\"","service":"acquisitions-api"}
{"level":"error","message":"Error authenticating user: Error: User not found","service":"acquisitions-api"}
{"level":"error","message":"Sign in error User not found","service":"acquisitions-api","stack":"Error: User not found\n    at authenticateUser (file:///D:/Code/Project/acquisitions/src/services/auth.service.js:66:13)\n    at process.processTicksAndRejections (node:internal/process/task_queues:105:5)\n    at async signIn (file:///D:/Code/Project/acquisitions/src/controllers/auth.controller.js:65:18)"}
{"level":"info","message":"::1 - - [25/Dec/2025:14:01:22 +0000] \"POST /api/auth/sign-in HTTP/1.1\" 401 31 \"-\" \"HTTPie\"","service":"acquisitions-api"}
{"level":"error","message":"Error authenticating user: Error: User not found","service":"acquisitions-api"}
{"level":"error","message":"Sign in error User not found","service":"acquisitions-api","stack":"Error: User not found\n    at authenticateUser (file:///D:/Code/Project/acquisitions/src/services/auth.service.js:66:13)\n    at process.processTicksAndRejections (node:internal/process/task_queues:105:5)\n    at async signIn (file:///D:/Code/Project/acquisitions/src/controllers/auth.controller.js:65:18)"}
{"level":"info","message":"::1 - - [25/Dec/2025:14:01:22 +0000] \"POST /api/auth/sign-in HTTP/1.1\" 401 31 \"-\" \"HTTPie\"","service":"acquisitions-api"}
{"level":"error","message":"Error authenticating user: Error: User not found","service":"acquisitions-api"}
{"level":"error","message":"Sign in error User not found","service":"acquisitions-api","stack":"Error: User not found\n    at authenticateUser (file:///D:/Code/Project/acquisitions/src/services/auth.service.js:66:13)\n    at process.processTicksAndRejections (node:internal/process/task_queues:105:5)\n    at async signIn (file:///D:/Code/Project/acquisitions/src/controllers/auth.controller.js:65:18)"}
{"level":"info","message":"::1 - - [25/Dec/2025:14:01:22 +0000] \"POST /api/auth/sign-in HTTP/1.1\" 401 31 \"-\" \"HTTPie\"","service":"acquisitions-api"}
{"level":"error","message":"Error authenticating user: Error: User not found","service":"acquisitions-api"}
{"level":"error","message":"Sign in error User not found","service":"acquisitions-api","stack":"Error: User not found\n    at authenticateUser (file:///D:/Code/Project/acquisitions/src/services/auth.service.js:66:13)\n    at process.processTicksAndRejections (node:internal/process/task_queues:105:5)\n    at async signIn (file:///D:/Code/Project/acquisitions/src/controllers/auth.controller.js:65:18)"}
{"level":"info","message":"::1 - - [25/Dec/2025:14:01:23 +0000] \"POST /api/auth/sign-in HTTP/1.1\" 401 31 \"-\" \"HTTPie\"","service":"acquisitions-api"}
{"level":"error","message":"Error authenticating user: Error: User not found","service":"acquisitions-api"}
{"level":"error","message":"Sign in error User not found","service":"acquisitions-api","stack":"Error: User not found\n    at authenticateUser (file:///D:/Code/Project/acquisitions/src/services/auth.service.js:66:13)\n    at process.processTicksAndRejections (node:internal/process/task_queues:105:5)\n    at async signIn (file:///D:/Code/Project/acquisitions/src/controllers/auth.controller.js:65:18)"}
{"level":"info","message":"::1 - - [25/Dec/2025:14:01:23 +0000] \"POST /api/auth/sign-in HTTP/1.1\" 401 31 \"-\" \"HTTPie\"","service":"acquisitions-api"}
{"level":"error","message":"Error authenticating user: Error: User not found","service":"acquisitions-api"}
{"level":"error","message":"Sign in error User not found","service":"acquisitions-api","stack":"Error: User not found\n    at authenticateUser (file:///D:/Code/Project/acquisitions/src/services/auth.service.js:66:13)\n    at process.processTicksAndRejections (node:internal/process/task_queues:105:5)\n    at async signIn (file:///D:/Code/Project/acquisitions/src/controllers/auth.controller.js:65:18)"}
{"level":"info","message":"::1 - - [25/Dec/2025:14:01:23 +0000] \"POST /api/auth/sign-in HTTP/1.1\" 401 31 \"-\" \"HTTPie\"","service":"acquisitions-api"}
{"level":"info","message":"Hello from Acquisitions!","service":"acquisitions-api"}
{"level":"info","message":"::1 - - [25/Dec/2025:21:35:39 +0000] \"GET / HTTP/1.1\" 304 - \"-\" \"Mozilla/5.0 (Windows NT 10.0; Win64; x64) AppleWebKit/537.36 (KHTML, like Gecko) Chrome/143.0.0.0 Safari/537.36\"","service":"acquisitions-api"}
